Flow report for exp_wrapper
Tue Feb 22 10:13:28 2022
Quartus Prime Version 21.1.0 Build 169 03/24/2021 SC Pro Edition


---------------------
; Table of Contents ;
---------------------
  1. Parallel Compilation
  2. Legal Notice
  3. Flow Summary
  4. Flow Settings
  5. Flow Non-Default Global Settings
  6. Flow Elapsed Time
  7. Flow OS Summary
  8. Flow Log



+-------------------------------------+
; Parallel Compilation                ;
+----------------------------+--------+
; Processors                 ; Number ;
+----------------------------+--------+
; Number detected on machine ; 8      ;
; Maximum allowed            ; 4      ;
+----------------------------+--------+


----------------
; Legal Notice ;
----------------
Copyright (C) 2021  Intel Corporation. All rights reserved.
Your use of Intel Corporation's design tools, logic functions 
and other software and tools, and any partner logic 
functions, and any output files from any of the foregoing 
(including device programming or simulation files), and any 
associated documentation or information are expressly subject 
to the terms and conditions of the Intel Program License 
Subscription Agreement, the Intel Quartus Prime License Agreement,
the Intel FPGA IP License Agreement, or other applicable license
agreement, including, without limitation, that your use is for
the sole purpose of programming logic devices manufactured by
Intel and sold by Intel or its authorized distributors.  Please
refer to the applicable agreement for further details, at
https://fpgasoftware.intel.com/eula.



+--------------------------------------------------------------------------+
; Flow Summary                                                             ;
+-----------------------------+--------------------------------------------+
; Flow Status                 ; Successful - Tue Feb 22 10:13:27 2022      ;
; Quartus Prime Version       ; 21.1.0 Build 169 03/24/2021 SC Pro Edition ;
; Revision Name               ; exp_wrapper                                ;
; Top-level Entity Name       ; exp_wrapper                                ;
; Family                      ; Cyclone 10 GX                              ;
; Device                      ; 10CX085YF672E5G                            ;
; Timing Models               ; Final                                      ;
; Power Models                ; Final                                      ;
; Device Status               ; Final                                      ;
; Logic utilization (in ALMs) ; 41 / 31,000 ( < 1 % )                      ;
; Total registers             ; 24                                         ;
; Total pins                  ; 22 / 244 ( 9 % )                           ;
; Total virtual pins          ; 0                                          ;
; Total block memory bits     ; 0 / 5,959,680 ( 0 % )                      ;
; Total RAM Blocks            ; 0 / 291 ( 0 % )                            ;
; Total DSP Blocks            ; 0 / 84 ( 0 % )                             ;
; Total HSSI RX channels      ; 0 / 6 ( 0 % )                              ;
; Total HSSI TX channels      ; 0 / 6 ( 0 % )                              ;
; Total PLLs                  ; 0 / 22 ( 0 % )                             ;
+-----------------------------+--------------------------------------------+


+-----------------------------------------+
; Flow Settings                           ;
+-------------------+---------------------+
; Option            ; Setting             ;
+-------------------+---------------------+
; Start date & time ; 02/22/2022 10:11:09 ;
; Main task         ; Compilation         ;
; Revision Name     ; exp_wrapper         ;
+-------------------+---------------------+


+-------------------------------------------------------------------------------------------------------+
; Flow Non-Default Global Settings                                                                      ;
+--------------------------+---------------------------------+---------------+-------------+------------+
; Assignment Name          ; Value                           ; Default Value ; Entity Name ; Section Id ;
+--------------------------+---------------------------------+---------------+-------------+------------+
; COMPILER_SIGNATURE_ID    ; 174508023745461.164554626917244 ; --            ; --          ; --         ;
; MAX_CORE_JUNCTION_TEMP   ; 100                             ; --            ; --          ; --         ;
; MIN_CORE_JUNCTION_TEMP   ; 0                               ; --            ; --          ; --         ;
; PROJECT_OUTPUT_DIRECTORY ; output_files                    ; --            ; --          ; --         ;
+--------------------------+---------------------------------+---------------+-------------+------------+


+------------------------------------------------------+
; Flow Elapsed Time                                    ;
+-----------------+--------------+---------------------+
; Module Name     ; Elapsed Time ; Peak Virtual Memory ;
+-----------------+--------------+---------------------+
; Synthesis       ; 00:00:07     ; 487 MB              ;
; Fitter          ; 00:01:41     ; 3113 MB             ;
; Timing Analyzer ; 00:00:05     ; 948 MB              ;
; Assembler       ; 00:00:16     ; 1894 MB             ;
; Total           ; 00:02:09     ; --                  ;
+-----------------+--------------+---------------------+


+-------------------------------------------------------------------------------+
; Flow OS Summary                                                               ;
+-----------------+------------------+------------+------------+----------------+
; Module Name     ; Machine Hostname ; OS Name    ; OS Version ; Processor type ;
+-----------------+------------------+------------+------------+----------------+
; Synthesis       ; DESKTOP-1QBI24B  ; Windows 10 ; 10.0       ; x86_64         ;
; Fitter          ; DESKTOP-1QBI24B  ; Windows 10 ; 10.0       ; x86_64         ;
; Timing Analyzer ; DESKTOP-1QBI24B  ; Windows 10 ; 10.0       ; x86_64         ;
; Assembler       ; DESKTOP-1QBI24B  ; Windows 10 ; 10.0       ; x86_64         ;
+-----------------+------------------+------------+------------+----------------+


------------
; Flow Log ;
------------
quartus_syn --read_settings_files=on --write_settings_files=off HBUexp -c exp_wrapper
quartus_fit --read_settings_files=on --write_settings_files=off HBUexp -c exp_wrapper
quartus_sta HBUexp -c exp_wrapper --mode=finalize
quartus_asm --read_settings_files=on --write_settings_files=off HBUexp -c exp_wrapper



