Assembler report for exp_wrapper
Tue Feb 22 10:13:28 2022
Quartus Prime Version 21.1.0 Build 169 03/24/2021 SC Pro Edition


---------------------
; Table of Contents ;
---------------------
  1. Legal Notice
  2. Assembler Summary
  3. Assembler Settings
  4. Parallel Compilation
  5. Assembler Messages
  6. Assembler Generated Files
  7. Assembler Device Options: C:/Users/hunto_efxy22i/OpenCL-HUBERT/OpenCL-HUBERT/component_ip/output_files/exp_wrapper.sof



----------------
; Legal Notice ;
----------------
Copyright (C) 2021  Intel Corporation. All rights reserved.
Your use of Intel Corporation's design tools, logic functions 
and other software and tools, and any partner logic 
functions, and any output files from any of the foregoing 
(including device programming or simulation files), and any 
associated documentation or information are expressly subject 
to the terms and conditions of the Intel Program License 
Subscription Agreement, the Intel Quartus Prime License Agreement,
the Intel FPGA IP License Agreement, or other applicable license
agreement, including, without limitation, that your use is for
the sole purpose of programming logic devices manufactured by
Intel and sold by Intel or its authorized distributors.  Please
refer to the applicable agreement for further details, at
https://fpgasoftware.intel.com/eula.



+---------------------------------------------------------------+
; Assembler Summary                                             ;
+-----------------------+---------------------------------------+
; Assembler Status      ; Successful - Tue Feb 22 10:13:27 2022 ;
; Revision Name         ; exp_wrapper                           ;
; Top-level Entity Name ; exp_wrapper                           ;
; Family                ; Cyclone 10 GX                         ;
; Device                ; 10CX085YF672E5G                       ;
; Timing Models         ; Final                                 ;
; Power Models          ; Final                                 ;
; Device Status         ; Final                                 ;
+-----------------------+---------------------------------------+


+----------------------------------------------------------------------------------------------------+
; Assembler Settings                                                                                 ;
+------------------------------------------------------------------+----------------+----------------+
; Option                                                           ; Setting        ; Default Value  ;
+------------------------------------------------------------------+----------------+----------------+
; Enable parallel Assembler and Timing Analyzer during compilation ; On             ; On             ;
; Enable compact report table                                      ; Off            ; Off            ;
; Design Assistant include IP blocks                               ; Off            ; Off            ;
; High fanout net threshold for RAM inference                      ; 15             ; 15             ;
; Design Assistant limit on reported violations per rule           ; 5000           ; 5000           ;
; Allow RAM Retiming                                               ; Off            ; Off            ;
; Allow DSP Retiming                                               ; Off            ; Off            ;
; Use Checkered Pattern as Uninitialized RAM Content               ; Off            ; Off            ;
; Generate compressed bitstreams                                   ; On             ; On             ;
; Auto user code                                                   ; On             ; On             ;
; Configuration device                                             ; Auto           ; Auto           ;
; Voltage output format                                            ; Auto discovery ; Auto discovery ;
; Translated voltage value unit                                    ; Volts          ; Volts          ;
; Configuration device auto user code                              ; Off            ; Off            ;
; Generate Partial Reconfiguration Raw Binary File (.rbf)          ; Off            ; Off            ;
; Release clears before tri-states                                 ; Off            ; Off            ;
; Auto-restart configuration after error                           ; On             ; On             ;
; Enable OCT_DONE                                                  ; Off            ; Off            ;
; Enable autonomous PCIe HIP mode                                  ; Off            ; Off            ;
; Enables the HPS early release of HPS IO                          ; Off            ; Off            ;
+------------------------------------------------------------------+----------------+----------------+


+-------------------------------------+
; Parallel Compilation                ;
+----------------------------+--------+
; Processors                 ; Number ;
+----------------------------+--------+
; Number detected on machine ; 8      ;
; Maximum allowed            ; 4      ;
+----------------------------+--------+


+--------------------+
; Assembler Messages ;
+--------------------+
Info: *******************************************************************
Info: Running Quartus Prime Assembler
    Info: Version 21.1.0 Build 169 03/24/2021 SC Pro Edition
    Info: Processing started: Tue Feb 22 10:13:11 2022
    Info: System process ID: 18952
Info: Command: quartus_asm --read_settings_files=on --write_settings_files=off HBUexp -c exp_wrapper
Info (16677): Loading final database.
Info (16734): Loading "final" snapshot for partition "root_partition".
Info (16678): Successfully loaded final database: elapsed time is 00:00:02.
Info: Quartus Prime Assembler was successful. 0 errors, 0 warnings
    Info: Peak virtual memory: 1894 megabytes
    Info: Processing ended: Tue Feb 22 10:13:28 2022
    Info: Elapsed time: 00:00:17
    Info: System process ID: 18952


+----------------------------------------------------------------------------------------------+
; Assembler Generated Files                                                                    ;
+----------------------------------------------------------------------------------------------+
; File Name                                                                                    ;
+----------------------------------------------------------------------------------------------+
; C:/Users/hunto_efxy22i/OpenCL-HUBERT/OpenCL-HUBERT/component_ip/output_files/exp_wrapper.sof ;
+----------------------------------------------------------------------------------------------+


+------------------------------------------------------------------------------------------------------------------------+
; Assembler Device Options: C:/Users/hunto_efxy22i/OpenCL-HUBERT/OpenCL-HUBERT/component_ip/output_files/exp_wrapper.sof ;
+----------------+-------------------------------------------------------------------------------------------------------+
; Option         ; Setting                                                                                               ;
+----------------+-------------------------------------------------------------------------------------------------------+
; JTAG usercode  ; 0xFFFFFFFF                                                                                            ;
; Checksum       ; 0x0958F60B                                                                                            ;
; Design hash    ; C5D79679A04D2175A54AFF8C65B8A854                                                                      ;
+----------------+-------------------------------------------------------------------------------------------------------+


