  tensors.cpp
d:\applications\intel_quartus\21.1\hls\include\hls\internal\_task_x86-64.h(60): error C3533: a parameter cannot have a type that contains 'auto'
  d:\applications\intel_quartus\21.1\hls\include\hls\internal\_task_x86-64.h(60): note: 'auto' in non-type template parameters requires at least '/std:c++17'
d:\applications\intel_quartus\21.1\hls\include\hls\internal\_task_x86-64.h(63): error C3533: a parameter cannot have a type that contains 'auto'
  d:\applications\intel_quartus\21.1\hls\include\hls\internal\_task_x86-64.h(63): note: 'auto' in non-type template parameters requires at least '/std:c++17'
d:\applications\intel_quartus\21.1\hls\include\hls\internal\_task_x86-64.h(80): error C3533: a parameter cannot have a type that contains 'auto'
  d:\applications\intel_quartus\21.1\hls\include\hls\internal\_task_x86-64.h(80): note: 'auto' in non-type template parameters requires at least '/std:c++17'
d:\applications\intel_quartus\21.1\hls\include\hls\internal\_task_x86-64.h(219): error C3533: a parameter cannot have a type that contains 'auto'
  d:\applications\intel_quartus\21.1\hls\include\hls\internal\_task_x86-64.h(219): note: 'auto' in non-type template parameters requires at least '/std:c++17'
d:\applications\intel_quartus\21.1\hls\include\hls\internal\_task.h(65): error C3533: a parameter cannot have a type that contains 'auto'
  d:\applications\intel_quartus\21.1\hls\include\hls\internal\_task.h(65): note: 'auto' in non-type template parameters requires at least '/std:c++17'
d:\applications\intel_quartus\21.1\hls\include\hls\internal\_task.h(99): error C3533: a parameter cannot have a type that contains 'auto'
  d:\applications\intel_quartus\21.1\hls\include\hls\internal\_task.h(99): note: 'auto' in non-type template parameters requires at least '/std:c++17'
d:\applications\intel_quartus\21.1\hls\include\hls\internal\_task.h(119): error C3533: a parameter cannot have a type that contains 'auto'
  d:\applications\intel_quartus\21.1\hls\include\hls\internal\_task.h(119): note: 'auto' in non-type template parameters requires at least '/std:c++17'
d:\applications\intel_quartus\21.1\hls\include\hls\internal\_task.h(125): error C3533: a parameter cannot have a type that contains 'auto'
  d:\applications\intel_quartus\21.1\hls\include\hls\internal\_task.h(125): note: 'auto' in non-type template parameters requires at least '/std:c++17'
c:\users\hunto_efxy22i\opencl-hubert\opencl-hubert\tensors.cpp(84): warning C4018: '<': signed/unsigned mismatch
c:\users\hunto_efxy22i\opencl-hubert\opencl-hubert\tensors.cpp(86): warning C4018: '<': signed/unsigned mismatch
c:\users\hunto_efxy22i\opencl-hubert\opencl-hubert\tensors.cpp(142): warning C4018: '<': signed/unsigned mismatch
c:\users\hunto_efxy22i\opencl-hubert\opencl-hubert\tensors.cpp(144): warning C4018: '<': signed/unsigned mismatch
c:\users\hunto_efxy22i\opencl-hubert\opencl-hubert\tensors.cpp(200): warning C4018: '<': signed/unsigned mismatch
c:\users\hunto_efxy22i\opencl-hubert\opencl-hubert\tensors.cpp(202): warning C4018: '<': signed/unsigned mismatch
c:\users\hunto_efxy22i\opencl-hubert\opencl-hubert\tensors.cpp(258): warning C4018: '<': signed/unsigned mismatch
c:\users\hunto_efxy22i\opencl-hubert\opencl-hubert\tensors.cpp(260): warning C4018: '<': signed/unsigned mismatch
c:\users\hunto_efxy22i\opencl-hubert\opencl-hubert\tensors.cpp(316): warning C4018: '<': signed/unsigned mismatch
c:\users\hunto_efxy22i\opencl-hubert\opencl-hubert\tensors.cpp(318): warning C4018: '<': signed/unsigned mismatch
c:\users\hunto_efxy22i\opencl-hubert\opencl-hubert\tensors.cpp(329): warning C4018: '<': signed/unsigned mismatch
c:\users\hunto_efxy22i\opencl-hubert\opencl-hubert\tensors.cpp(331): warning C4018: '<': signed/unsigned mismatch
c:\users\hunto_efxy22i\opencl-hubert\opencl-hubert\tensors.cpp(342): warning C4018: '<': signed/unsigned mismatch
c:\users\hunto_efxy22i\opencl-hubert\opencl-hubert\tensors.cpp(344): warning C4018: '<': signed/unsigned mismatch
c:\users\hunto_efxy22i\opencl-hubert\opencl-hubert\tensors.cpp(355): warning C4018: '<': signed/unsigned mismatch
c:\users\hunto_efxy22i\opencl-hubert\opencl-hubert\tensors.cpp(357): warning C4018: '<': signed/unsigned mismatch
c:\users\hunto_efxy22i\opencl-hubert\opencl-hubert\tensors.cpp(368): warning C4018: '<': signed/unsigned mismatch
c:\users\hunto_efxy22i\opencl-hubert\opencl-hubert\tensors.cpp(370): warning C4018: '<': signed/unsigned mismatch
c:\users\hunto_efxy22i\opencl-hubert\opencl-hubert\tensors.cpp(381): warning C4018: '<': signed/unsigned mismatch
c:\users\hunto_efxy22i\opencl-hubert\opencl-hubert\tensors.cpp(383): warning C4018: '<': signed/unsigned mismatch
c:\users\hunto_efxy22i\opencl-hubert\opencl-hubert\tensors.cpp(394): warning C4018: '<': signed/unsigned mismatch
c:\users\hunto_efxy22i\opencl-hubert\opencl-hubert\tensors.cpp(396): warning C4018: '<': signed/unsigned mismatch
c:\users\hunto_efxy22i\opencl-hubert\opencl-hubert\tensors.cpp(415): warning C4018: '<': signed/unsigned mismatch
c:\users\hunto_efxy22i\opencl-hubert\opencl-hubert\tensors.cpp(417): warning C4018: '<': signed/unsigned mismatch
c:\users\hunto_efxy22i\opencl-hubert\opencl-hubert\tensors.cpp(443): warning C4018: '<': signed/unsigned mismatch
c:\users\hunto_efxy22i\opencl-hubert\opencl-hubert\tensors.cpp(445): warning C4018: '<': signed/unsigned mismatch
c:\users\hunto_efxy22i\opencl-hubert\opencl-hubert\tensors.cpp(477): warning C4018: '<': signed/unsigned mismatch
c:\users\hunto_efxy22i\opencl-hubert\opencl-hubert\tensors.cpp(479): warning C4018: '<': signed/unsigned mismatch
c:\users\hunto_efxy22i\opencl-hubert\opencl-hubert\tensors.cpp(505): warning C4018: '<': signed/unsigned mismatch
c:\users\hunto_efxy22i\opencl-hubert\opencl-hubert\tensors.cpp(507): warning C4018: '<': signed/unsigned mismatch
c:\users\hunto_efxy22i\opencl-hubert\opencl-hubert\tensors.cpp(533): warning C4018: '<': signed/unsigned mismatch
c:\users\hunto_efxy22i\opencl-hubert\opencl-hubert\tensors.cpp(535): warning C4018: '<': signed/unsigned mismatch
c:\users\hunto_efxy22i\opencl-hubert\opencl-hubert\tensors.cpp(547): warning C4018: '<': signed/unsigned mismatch
c:\users\hunto_efxy22i\opencl-hubert\opencl-hubert\tensors.cpp(549): warning C4018: '<': signed/unsigned mismatch
c:\users\hunto_efxy22i\opencl-hubert\opencl-hubert\tensors.cpp(563): warning C4018: '<': signed/unsigned mismatch
c:\users\hunto_efxy22i\opencl-hubert\opencl-hubert\tensors.cpp(565): warning C4018: '<': signed/unsigned mismatch
c:\users\hunto_efxy22i\opencl-hubert\opencl-hubert\tensors.cpp(580): warning C4018: '<': signed/unsigned mismatch
c:\users\hunto_efxy22i\opencl-hubert\opencl-hubert\tensors.cpp(582): warning C4018: '<': signed/unsigned mismatch
c:\users\hunto_efxy22i\opencl-hubert\opencl-hubert\tensors.cpp(595): warning C4018: '<': signed/unsigned mismatch
c:\users\hunto_efxy22i\opencl-hubert\opencl-hubert\tensors.cpp(597): warning C4018: '<': signed/unsigned mismatch
c:\users\hunto_efxy22i\opencl-hubert\opencl-hubert\tensors.cpp(610): warning C4018: '<': signed/unsigned mismatch
c:\users\hunto_efxy22i\opencl-hubert\opencl-hubert\tensors.cpp(612): warning C4018: '<': signed/unsigned mismatch
c:\users\hunto_efxy22i\opencl-hubert\opencl-hubert\tensors.cpp(623): warning C4018: '<': signed/unsigned mismatch
c:\users\hunto_efxy22i\opencl-hubert\opencl-hubert\tensors.cpp(625): warning C4018: '<': signed/unsigned mismatch
c:\users\hunto_efxy22i\opencl-hubert\opencl-hubert\tensors.cpp(638): warning C4018: '<': signed/unsigned mismatch
c:\users\hunto_efxy22i\opencl-hubert\opencl-hubert\tensors.cpp(640): warning C4018: '<': signed/unsigned mismatch
c:\users\hunto_efxy22i\opencl-hubert\opencl-hubert\tensors.cpp(657): warning C4018: '<': signed/unsigned mismatch
c:\users\hunto_efxy22i\opencl-hubert\opencl-hubert\tensors.cpp(659): warning C4018: '<': signed/unsigned mismatch
c:\users\hunto_efxy22i\opencl-hubert\opencl-hubert\tensors.cpp(678): warning C4018: '<': signed/unsigned mismatch
c:\users\hunto_efxy22i\opencl-hubert\opencl-hubert\tensors.cpp(680): warning C4018: '<': signed/unsigned mismatch
c:\users\hunto_efxy22i\opencl-hubert\opencl-hubert\tensors.cpp(693): warning C4018: '<': signed/unsigned mismatch
c:\users\hunto_efxy22i\opencl-hubert\opencl-hubert\tensors.cpp(695): warning C4018: '<': signed/unsigned mismatch
c:\users\hunto_efxy22i\opencl-hubert\opencl-hubert\tensors.cpp(711): warning C4018: '<': signed/unsigned mismatch
c:\users\hunto_efxy22i\opencl-hubert\opencl-hubert\tensors.cpp(713): warning C4018: '<': signed/unsigned mismatch
c:\users\hunto_efxy22i\opencl-hubert\opencl-hubert\tensors.cpp(736): warning C4018: '<': signed/unsigned mismatch
c:\users\hunto_efxy22i\opencl-hubert\opencl-hubert\tensors.cpp(749): warning C4018: '<': signed/unsigned mismatch
c:\users\hunto_efxy22i\opencl-hubert\opencl-hubert\tensors.cpp(751): warning C4018: '<': signed/unsigned mismatch
c:\users\hunto_efxy22i\opencl-hubert\opencl-hubert\tensors.cpp(762): warning C4018: '<': signed/unsigned mismatch
c:\users\hunto_efxy22i\opencl-hubert\opencl-hubert\tensors.cpp(764): warning C4018: '<': signed/unsigned mismatch
c:\users\hunto_efxy22i\opencl-hubert\opencl-hubert\tensors.cpp(824): warning C4018: '<': signed/unsigned mismatch
c:\users\hunto_efxy22i\opencl-hubert\opencl-hubert\tensors.cpp(826): warning C4018: '<': signed/unsigned mismatch
c:\users\hunto_efxy22i\opencl-hubert\opencl-hubert\tensors.cpp(909): warning C4018: '<': signed/unsigned mismatch
c:\users\hunto_efxy22i\opencl-hubert\opencl-hubert\tensors.cpp(910): warning C4018: '<': signed/unsigned mismatch
c:\users\hunto_efxy22i\opencl-hubert\opencl-hubert\tensors.cpp(928): warning C4018: '<': signed/unsigned mismatch
c:\users\hunto_efxy22i\opencl-hubert\opencl-hubert\tensors.cpp(929): warning C4018: '<': signed/unsigned mismatch
c:\users\hunto_efxy22i\opencl-hubert\opencl-hubert\tensors.cpp(954): warning C4018: '<': signed/unsigned mismatch
c:\users\hunto_efxy22i\opencl-hubert\opencl-hubert\tensors.cpp(956): warning C4018: '<': signed/unsigned mismatch
c:\users\hunto_efxy22i\opencl-hubert\opencl-hubert\tensors.cpp(970): warning C4018: '<': signed/unsigned mismatch
c:\users\hunto_efxy22i\opencl-hubert\opencl-hubert\tensors.cpp(972): warning C4018: '<': signed/unsigned mismatch
c:\users\hunto_efxy22i\opencl-hubert\opencl-hubert\tensors.cpp(1004): warning C4018: '<': signed/unsigned mismatch
c:\users\hunto_efxy22i\opencl-hubert\opencl-hubert\tensors.cpp(1006): warning C4018: '<': signed/unsigned mismatch
  testbench.cpp
d:\applications\intel_quartus\21.1\hls\include\hls\internal\_task_x86-64.h(60): error C3533: a parameter cannot have a type that contains 'auto'
  d:\applications\intel_quartus\21.1\hls\include\hls\internal\_task_x86-64.h(60): note: 'auto' in non-type template parameters requires at least '/std:c++17'
d:\applications\intel_quartus\21.1\hls\include\hls\internal\_task_x86-64.h(63): error C3533: a parameter cannot have a type that contains 'auto'
  d:\applications\intel_quartus\21.1\hls\include\hls\internal\_task_x86-64.h(63): note: 'auto' in non-type template parameters requires at least '/std:c++17'
d:\applications\intel_quartus\21.1\hls\include\hls\internal\_task_x86-64.h(80): error C3533: a parameter cannot have a type that contains 'auto'
  d:\applications\intel_quartus\21.1\hls\include\hls\internal\_task_x86-64.h(80): note: 'auto' in non-type template parameters requires at least '/std:c++17'
d:\applications\intel_quartus\21.1\hls\include\hls\internal\_task_x86-64.h(219): error C3533: a parameter cannot have a type that contains 'auto'
  d:\applications\intel_quartus\21.1\hls\include\hls\internal\_task_x86-64.h(219): note: 'auto' in non-type template parameters requires at least '/std:c++17'
d:\applications\intel_quartus\21.1\hls\include\hls\internal\_task.h(65): error C3533: a parameter cannot have a type that contains 'auto'
  d:\applications\intel_quartus\21.1\hls\include\hls\internal\_task.h(65): note: 'auto' in non-type template parameters requires at least '/std:c++17'
d:\applications\intel_quartus\21.1\hls\include\hls\internal\_task.h(99): error C3533: a parameter cannot have a type that contains 'auto'
  d:\applications\intel_quartus\21.1\hls\include\hls\internal\_task.h(99): note: 'auto' in non-type template parameters requires at least '/std:c++17'
d:\applications\intel_quartus\21.1\hls\include\hls\internal\_task.h(119): error C3533: a parameter cannot have a type that contains 'auto'
  d:\applications\intel_quartus\21.1\hls\include\hls\internal\_task.h(119): note: 'auto' in non-type template parameters requires at least '/std:c++17'
d:\applications\intel_quartus\21.1\hls\include\hls\internal\_task.h(125): error C3533: a parameter cannot have a type that contains 'auto'
  d:\applications\intel_quartus\21.1\hls\include\hls\internal\_task.h(125): note: 'auto' in non-type template parameters requires at least '/std:c++17'
c:\users\hunto_efxy22i\opencl-hubert\opencl-hubert\testbench.cpp(15): warning C4244: 'argument': conversion from 'unsigned int' to 'const float', possible loss of data
c:\users\hunto_efxy22i\opencl-hubert\opencl-hubert\testbench.cpp(16): warning C4244: 'argument': conversion from 'unsigned int' to 'const float', possible loss of data
  Generating Code...
